<?xml version="1.0" encoding="utf-8"?><testsuites name="pytest tests"><testsuite name="pytest" errors="0" failures="3" skipped="55" tests="530" time="7.698" timestamp="2025-08-16T00:02:36.955077+00:00" hostname="2298c45258fe"><testcase classname="tests.unit.test_base_classes_modular.TestBaseAPIView" name="test_base_api_view_initialization" time="0.026" /><testcase classname="tests.unit.test_base_classes_modular.TestBaseAPIView" name="test_success_response_format" time="0.003" /><testcase classname="tests.unit.test_base_classes_modular.TestBaseAPIView" name="test_error_response_format" time="0.002" /><testcase classname="tests.unit.test_base_classes_modular.TestBaseAPIView" name="test_pagination_response" time="0.002" /><testcase classname="tests.unit.test_base_classes_modular.TestBaseAPIView" name="test_error_handling_value_error" time="0.003" /><testcase classname="tests.unit.test_base_classes_modular.TestBaseAPIView" name="test_error_handling_key_error" time="0.002" /><testcase classname="tests.unit.test_base_classes_modular.TestBaseResourceView" name="test_get_single_resource" time="0.002" /><testcase classname="tests.unit.test_base_classes_modular.TestBaseResourceView" name="test_get_resource_list" time="0.002" /><testcase classname="tests.unit.test_base_classes_modular.TestBaseResourceView" name="test_resource_crud_operations" time="0.002" /><testcase classname="tests.unit.test_base_classes_modular.TestBaseResourceView" name="test_get_request_data_json" time="0.004" /><testcase classname="tests.unit.test_base_classes_modular.TestBaseResourceView" name="test_get_request_data_not_json" time="0.003" /><testcase classname="tests.unit.test_base_classes_modular.TestDatabaseMixin" name="test_database_mixin_initialization" time="0.006" /><testcase classname="tests.unit.test_base_classes_modular.TestDatabaseMixin" name="test_execute_query_fetch_all" time="0.007" /><testcase classname="tests.unit.test_base_classes_modular.TestDatabaseMixin" name="test_execute_query_fetch_one" time="0.006" /><testcase classname="tests.unit.test_base_classes_modular.TestDatabaseMixin" name="test_execute_query_no_fetch" time="0.005" /><testcase classname="tests.unit.test_base_classes_modular.TestDatabaseMixin" name="test_execute_many" time="0.006" /><testcase classname="tests.unit.test_base_classes_modular.TestDatabaseMixin" name="test_get_table_info" time="0.006" /><testcase classname="tests.unit.test_base_classes_modular.TestValidationMixin" name="test_validate_required_fields" time="0.001" /><testcase classname="tests.unit.test_base_classes_modular.TestValidationMixin" name="test_validate_required_fields_empty_values" time="0.001" /><testcase classname="tests.unit.test_base_classes_modular.TestValidationMixin" name="test_validate_field_types" time="0.001" /><testcase classname="tests.unit.test_base_classes_modular.TestValidationMixin" name="test_validate_field_types_invalid" time="0.001" /><testcase classname="tests.unit.test_base_classes_modular.TestValidationMixin" name="test_validate_string_length" time="0.001" /><testcase classname="tests.unit.test_base_classes_modular.TestValidationMixin" name="test_validate_ip_address_valid" time="0.001" /><testcase classname="tests.unit.test_base_classes_modular.TestValidationMixin" name="test_validate_ip_address_invalid" time="0.001" /><testcase classname="tests.unit.test_base_classes_modular.TestValidationMixin" name="test_validate_server_id" time="0.001" /><testcase classname="tests.unit.test_base_classes_modular.TestValidationMixin" name="test_validate_device_type" time="0.002" /><testcase classname="tests.unit.test_base_classes_modular.TestValidationMixin" name="test_validate_workflow_status" time="0.001" /><testcase classname="tests.unit.test_base_classes_modular.TestValidationMixin" name="test_validate_email" time="0.001" /><testcase classname="tests.unit.test_base_classes_modular.TestValidationMixin" name="test_validate_url" time="0.001" /><testcase classname="tests.unit.test_base_classes_modular.TestCacheMixin" name="test_cache_set_and_get" time="0.001" /><testcase classname="tests.unit.test_base_classes_modular.TestCacheMixin" name="test_cache_get_nonexistent" time="0.001" /><testcase classname="tests.unit.test_base_classes_modular.TestCacheMixin" name="test_cache_ttl_expiry" time="0.002" /><testcase classname="tests.unit.test_base_classes_modular.TestCacheMixin" name="test_cache_delete" time="0.001" /><testcase classname="tests.unit.test_base_classes_modular.TestCacheMixin" name="test_cache_clear" time="0.001" /><testcase classname="tests.unit.test_base_classes_modular.TestCacheMixin" name="test_cache_cleanup" time="0.002" /><testcase classname="tests.unit.test_base_classes_modular.TestCacheMixin" name="test_cache_stats" time="0.001" /><testcase classname="tests.unit.test_base_classes_modular.TestCacheMixin" name="test_cache_has" time="0.001" /><testcase classname="tests.unit.test_base_classes_modular.TestTimestampMixin" name="test_current_timestamp" time="0.001" /><testcase classname="tests.unit.test_base_classes_modular.TestTimestampMixin" name="test_format_timestamp_default" time="0.001" /><testcase classname="tests.unit.test_base_classes_modular.TestTimestampMixin" name="test_format_timestamp_iso" time="0.001" /><testcase classname="tests.unit.test_base_classes_modular.TestTimestampMixin" name="test_parse_timestamp_iso" time="0.001" /><testcase classname="tests.unit.test_base_classes_modular.TestTimestampMixin" name="test_parse_timestamp_invalid" time="0.006" /><testcase classname="tests.unit.test_base_classes_modular.TestTimestampMixin" name="test_duration_since" time="0.001" /><testcase classname="tests.unit.test_base_classes_modular.TestTimestampMixin" name="test_format_duration" time="0.001" /><testcase classname="tests.unit.test_base_classes_modular.TestTimestampMixin" name="test_time_ago" time="0.001" /><testcase classname="tests.unit.test_base_classes_modular.TestTimestampMixin" name="test_is_timestamp_recent" time="0.001" /><testcase classname="tests.unit.test_base_classes_modular.TestTimestampMixin" name="test_timestamp_date_time_conversion" time="0.001" /><testcase classname="tests.unit.test_base_classes_modular.TestTimestampMixin" name="test_start_end_of_day" time="0.001" /><testcase classname="tests.unit.test_base_classes_modular.TestBaseResource" name="test_base_resource_initialization" time="0.002" /><testcase classname="tests.unit.test_base_classes_modular.TestBaseResource" name="test_base_resource_combined_functionality" time="0.002" /><testcase classname="tests.unit.test_base_classes_modular.TestBaseResource" name="test_get_cached_or_fetch" time="0.002" /><testcase classname="tests.unit.test_base_classes_modular.TestBaseResource" name="test_multiple_inheritance_method_resolution" time="0.002" /><testcase classname="tests.unit.test_base_classes_modular.TestBackwardCompatibility" name="test_base_classes_import_compatibility" time="0.001" /><testcase classname="tests.unit.test_base_classes_modular.TestBackwardCompatibility" name="test_backward_compatible_functionality" time="0.002" /><testcase classname="tests.unit.test_bios_base.TestConfigMethod" name="test_config_method_values" time="0.001" /><testcase classname="tests.unit.test_bios_base.TestConfigMethod" name="test_config_method_redfish_standard" time="0.001" /><testcase classname="tests.unit.test_bios_base.TestConfigMethod" name="test_config_method_vendor_tools" time="0.001" /><testcase classname="tests.unit.test_bios_base.TestOperationStatus" name="test_operation_status_values" time="0.001" /><testcase classname="tests.unit.test_bios_base.TestOperationStatus" name="test_operation_status_success" time="0.001" /><testcase classname="tests.unit.test_bios_base.TestOperationStatus" name="test_operation_status_failed" time="0.001" /><testcase classname="tests.unit.test_bios_base.TestBiosConfigResult" name="test_bios_config_result_creation" time="0.001" /><testcase classname="tests.unit.test_bios_base.TestBiosConfigResult" name="test_bios_config_result_with_backup" time="0.001" /><testcase classname="tests.unit.test_bios_base.TestBiosConfigResult" name="test_bios_config_result_empty_settings" time="0.001" /><testcase classname="tests.unit.test_bios_operations_focused.TestBiosOperationsBase" name="test_pull_operation_importable" time="0.005" /><testcase classname="tests.unit.test_bios_operations_focused.TestBiosOperationsBase" name="test_push_operation_importable" time="0.001" /><testcase classname="tests.unit.test_bios_operations_focused.TestBiosOperationsBase" name="test_validate_operation_importable" time="0.001" /><testcase classname="tests.unit.test_bios_operations_focused.TestBiosOperationsBase" name="test_xml_parser_importable" time="0.005" /><testcase classname="tests.unit.test_bios_operations_focused.TestBiosOperationsBase" name="test_redfish_parser_importable" time="0.001" /><testcase classname="tests.unit.test_bios_operations_focused.TestPullOperationHandler" name="test_pull_handler_parameter_validation" time="0.001" /><testcase classname="tests.unit.test_bios_operations_focused.TestPullOperationHandler" name="test_pull_handler_execution_success" time="0.002" /><testcase classname="tests.unit.test_bios_operations_focused.TestPullOperationHandler" name="test_pull_handler_inheritance" time="0.001" /><testcase classname="tests.unit.test_bios_operations_focused.TestPushOperationHandler" name="test_push_handler_parameter_validation" time="0.001" /><testcase classname="tests.unit.test_bios_operations_focused.TestPushOperationHandler" name="test_push_handler_execution_with_validation" time="0.002" /><testcase classname="tests.unit.test_bios_operations_focused.TestPushOperationHandler" name="test_push_handler_inheritance" time="0.001" /><testcase classname="tests.unit.test_bios_operations_focused.TestValidationOperationHandler" name="test_validation_handler_parameter_validation" time="0.001" /><testcase classname="tests.unit.test_bios_operations_focused.TestValidationOperationHandler" name="test_validation_handler_execution_pattern" time="0.001" /><testcase classname="tests.unit.test_bios_operations_focused.TestValidationOperationHandler" name="test_validation_handler_inheritance" time="0.001" /><testcase classname="tests.unit.test_bios_operations_focused.TestXmlConfigParser" name="test_xml_parser_initialization" time="0.001" /><testcase classname="tests.unit.test_bios_operations_focused.TestXmlConfigParser" name="test_xml_parser_valid_parse" time="0.001" /><testcase classname="tests.unit.test_bios_operations_focused.TestXmlConfigParser" name="test_xml_parser_invalid_parse" time="0.001" /><testcase classname="tests.unit.test_bios_operations_focused.TestXmlConfigParser" name="test_xml_parser_serialize" time="0.001" /><testcase classname="tests.unit.test_bios_operations_focused.TestXmlConfigParser" name="test_xml_parser_inheritance" time="0.001" /><testcase classname="tests.unit.test_bios_operations_focused.TestOperationModuleStructure" name="test_pull_module_structure" time="0.001" /><testcase classname="tests.unit.test_bios_operations_focused.TestOperationModuleStructure" name="test_push_module_structure" time="0.001" /><testcase classname="tests.unit.test_bios_operations_focused.TestOperationModuleStructure" name="test_validate_module_structure" time="0.001" /><testcase classname="tests.unit.test_bios_operations_focused.TestOperationModuleStructure" name="test_xml_parser_module_structure" time="0.001" /><testcase classname="tests.unit.test_bios_operations_focused.TestOperationErrorHandling" name="test_pull_operation_error_handling" time="0.001" /><testcase classname="tests.unit.test_bios_operations_focused.TestOperationErrorHandling" name="test_push_operation_error_handling" time="0.001" /><testcase classname="tests.unit.test_bios_operations_focused.TestOperationErrorHandling" name="test_validation_operation_error_handling" time="0.001" /><testcase classname="tests.unit.test_bios_operations_focused.TestOperationErrorHandling" name="test_xml_parser_error_handling" time="0.001" /><testcase classname="tests.unit.test_bios_operations_focused.TestBackwardCompatibility" name="test_operation_interface_compatibility" time="0.001" /><testcase classname="tests.unit.test_bios_operations_focused.TestBackwardCompatibility" name="test_parser_interface_compatibility" time="0.001" /><testcase classname="tests.unit.test_bios_operations_focused.TestBackwardCompatibility" name="test_optional_operation_modules" time="0.001" /><testcase classname="tests.unit.test_bios_operations_focused.TestBackwardCompatibility" name="test_optional_parser_modules" time="0.001" /><testcase classname="tests.unit.test_config.TestConfigLoader" name="test_load_valid_config" time="0.005" /><testcase classname="tests.unit.test_config.TestConfigLoader" name="test_load_missing_file" time="0.001" /><testcase classname="tests.unit.test_config.TestConfigLoader" name="test_load_config_with_none" time="0.001" /><testcase classname="tests.unit.test_config.TestConfigLoader" name="test_load_config_with_mock" time="0.002" /><testcase classname="tests.unit.test_database.TestDbHelper" name="test_init_with_memory_db" time="0.005" /><testcase classname="tests.unit.test_database.TestDbHelper" name="test_init_with_file_db" time="0.001" /><testcase classname="tests.unit.test_database.TestDbHelper" name="test_basic_functionality" time="0.005" /><testcase classname="tests.unit.test_database_operations_focused.TestDbHelperAdvancedOperations" name="test_checkifserveridexists_false" time="0.004" /><testcase classname="tests.unit.test_database_operations_focused.TestDbHelperAdvancedOperations" name="test_checkifserveridexists_true" time="0.006" /><testcase classname="tests.unit.test_database_operations_focused.TestDbHelperAdvancedOperations" name="test_checkready" time="0.007" /><testcase classname="tests.unit.test_database_operations_focused.TestDbHelperAdvancedOperations" name="test_close_connection" time="0.001" /><testcase classname="tests.unit.test_database_operations_focused.TestDbHelperAdvancedOperations" name="test_createdbtable_legacy" time="0.003" /><testcase classname="tests.unit.test_database_operations_focused.TestDbHelperAdvancedOperations" name="test_createdbtable_no_table" time="0.002" /><testcase classname="tests.unit.test_database_operations_focused.TestDbHelperAdvancedOperations" name="test_createdbtable_table_exists" time="0.004" /><testcase classname="tests.unit.test_database_operations_focused.TestDbHelperAdvancedOperations" name="test_createrowforserver" time="0.005" /><testcase classname="tests.unit.test_database_operations_focused.TestDbHelperAdvancedOperations" name="test_get_connection" time="0.001" /><testcase classname="tests.unit.test_database_operations_focused.TestDbHelperAdvancedOperations" name="test_get_database_version_no_migrations" time="0.001" /><testcase classname="tests.unit.test_database_operations_focused.TestDbHelperAdvancedOperations" name="test_get_database_version_with_migrations" time="0.005" /><testcase classname="tests.unit.test_database_operations_focused.TestDbHelperAdvancedOperations" name="test_get_server_by_id_exists" time="0.007" /><testcase classname="tests.unit.test_database_operations_focused.TestDbHelperAdvancedOperations" name="test_get_server_by_id_not_exists" time="0.003" /><testcase classname="tests.unit.test_database_operations_focused.TestDbHelperAdvancedOperations" name="test_get_table_name_fallback" time="0.001" /><testcase classname="tests.unit.test_database_operations_focused.TestDbHelperAdvancedOperations" name="test_get_table_name_servers_exists" time="0.004" /><testcase classname="tests.unit.test_database_operations_focused.TestDbHelperAdvancedOperations" name="test_getserverswithworkingips" time="0.016" /><testcase classname="tests.unit.test_database_operations_focused.TestDbHelperAdvancedOperations" name="test_migrate_database_failure" time="0.002" /><testcase classname="tests.unit.test_database_operations_focused.TestDbHelperAdvancedOperations" name="test_migrate_database_success" time="0.002" /><testcase classname="tests.unit.test_database_operations_focused.TestDbHelperAdvancedOperations" name="test_printtableinfo" time="0.006" /><testcase classname="tests.unit.test_database_operations_focused.TestDbHelperAdvancedOperations" name="test_update_server_metadata" time="0.008" /><testcase classname="tests.unit.test_database_operations_focused.TestDbHelperAdvancedOperations" name="test_update_server_metadata_invalid_columns" time="0.004" /><testcase classname="tests.unit.test_database_operations_focused.TestDbHelperAdvancedOperations" name="test_updateserverinfo" time="0.006" /><testcase classname="tests.unit.test_database_operations_focused.TestDbHelperAdvancedOperations" name="test_updateserverinfo_invalid_column" time="0.006" /><testcase classname="tests.unit.test_database_operations_focused.TestDbHelperAdvancedOperations" name="test_validate_identifier_invalid" time="0.001" /><testcase classname="tests.unit.test_database_operations_focused.TestDbHelperAdvancedOperations" name="test_validate_identifier_valid" time="0.001" /><testcase classname="tests.unit.test_database_operations_focused.TestDbHelperInitialization" name="test_init_invalid_tablename" time="0.001" /><testcase classname="tests.unit.test_database_operations_focused.TestDbHelperInitialization" name="test_init_memory_database" time="0.001" /><testcase classname="tests.unit.test_database_operations_focused.TestDatabaseMigratorAdvanced" name="test_get_applied_migrations" time="0.006" /><testcase classname="tests.unit.test_database_operations_focused.TestDatabaseMigratorAdvanced" name="test_get_current_version_no_migrations" time="0.004" /><testcase classname="tests.unit.test_database_operations_focused.TestDatabaseMigratorAdvanced" name="test_get_current_version_with_migrations" time="0.007" /><testcase classname="tests.unit.test_database_operations_focused.TestDatabaseMigratorAdvanced" name="test_migrator_initialization" time="0.004" /><testcase classname="tests.unit.test_database_operations_focused.TestDatabaseMigratorAdvanced" name="test_migrator_syntax_error_handling" time="0.006"><failure message="AssertionError: OperationalError not raised">tests/unit/test_database_operations_focused.py:486: in test_migrator_syntax_error_handling
    with self.assertRaises(sqlite3.OperationalError) as context:
E   AssertionError: OperationalError not raised
        context    = &lt;unittest.case._AssertRaisesContext object at 0x703d917e1990&gt;
        self       = &lt;unit.test_database_operations_focused.TestDatabaseMigratorAdvanced testMethod=test_migrator_syntax_error_handling&gt;
        temp_db    = &lt;tempfile._TemporaryFileWrapper object at 0x703d91b49010&gt;</failure></testcase><testcase classname="tests.unit.test_database_operations_focused.TestDatabaseMigratorAdvanced" name="test_record_migration" time="0.007" /><testcase classname="tests.unit.test_database_operations_focused.TestDatabaseMigratorAdvanced" name="test_record_migration_no_checksum" time="0.006" /><testcase classname="tests.unit.test_database_operations_focused.TestDatabaseMigratorAdvanced" name="test_record_migration_syntax_error" time="0.009"><failure message="AssertionError: OperationalError not raised">tests/unit/test_database_operations_focused.py:600: in test_record_migration_syntax_error
    with self.assertRaises(sqlite3.OperationalError) as context:
E   AssertionError: OperationalError not raised
        context    = &lt;unittest.case._AssertRaisesContext object at 0x703d91e69150&gt;
        migrator   = &lt;hwautomation.database.migrations.DatabaseMigrator object at 0x703d91830890&gt;
        self       = &lt;unit.test_database_operations_focused.TestDatabaseMigratorAdvanced testMethod=test_record_migration_syntax_error&gt;
        temp_db    = &lt;tempfile._TemporaryFileWrapper object at 0x703d918320d0&gt;</failure></testcase><testcase classname="tests.unit.test_database_operations_focused.TestDatabaseErrorHandling" name="test_connection_error_handling" time="0.001" /><testcase classname="tests.unit.test_database_operations_focused.TestDatabaseErrorHandling" name="test_operation_error_handling" time="0.001" /><testcase classname="tests.unit.test_discovery_base.TestNetworkInterface" name="test_network_interface_creation" time="0.001" /><testcase classname="tests.unit.test_discovery_base.TestNetworkInterface" name="test_network_interface_minimal" time="0.001" /><testcase classname="tests.unit.test_discovery_base.TestNetworkInterface" name="test_network_interface_serialization" time="0.001" /><testcase classname="tests.unit.test_discovery_base.TestIPMIInfo" name="test_ipmi_info_creation" time="0.001" /><testcase classname="tests.unit.test_discovery_base.TestIPMIInfo" name="test_ipmi_info_defaults" time="0.001" /><testcase classname="tests.unit.test_discovery_base.TestIPMIInfo" name="test_ipmi_info_serialization" time="0.001" /><testcase classname="tests.unit.test_discovery_base.TestSystemInfo" name="test_system_info_creation" time="0.001" /><testcase classname="tests.unit.test_discovery_base.TestSystemInfo" name="test_system_info_defaults" time="0.001" /><testcase classname="tests.unit.test_discovery_base.TestSystemInfo" name="test_system_info_serialization" time="0.001" /><testcase classname="tests.unit.test_discovery_base.TestHardwareDiscovery" name="test_hardware_discovery_creation" time="0.001" /><testcase classname="tests.unit.test_discovery_base.TestHardwareDiscovery" name="test_hardware_discovery_to_dict" time="0.001" /><testcase classname="tests.unit.test_discovery_base.TestHardwareDiscovery" name="test_hardware_discovery_complex_structure" time="0.001" /><testcase classname="tests.unit.test_discovery_base.TestBaseVendorDiscovery" name="test_base_vendor_discovery_initialization" time="0.001" /><testcase classname="tests.unit.test_discovery_base.TestBaseVendorDiscovery" name="test_base_vendor_discovery_default_priority" time="0.001" /><testcase classname="tests.unit.test_discovery_base.TestBaseVendorDiscovery" name="test_base_vendor_discovery_abstract_methods" time="0.001" /><testcase classname="tests.unit.test_discovery_base.TestBaseVendorDiscovery" name="test_concrete_vendor_discovery_implementation" time="0.001" /><testcase classname="tests.unit.test_discovery_base.TestBaseParser" name="test_base_parser_initialization" time="0.001" /><testcase classname="tests.unit.test_discovery_base.TestBaseParser" name="test_base_parser_abstract_method" time="0.001" /><testcase classname="tests.unit.test_discovery_base.TestBaseParser" name="test_concrete_parser_implementation" time="0.001" /><testcase classname="tests.unit.test_discovery_base.TestBaseParser" name="test_safe_parse_success" time="0.001" /><testcase classname="tests.unit.test_discovery_base.TestBaseParser" name="test_safe_parse_error_handling" time="0.001" /><testcase classname="tests.unit.test_discovery_base.TestBaseParser" name="test_safe_parse_logs_warning" time="0.002" /><testcase classname="tests.unit.test_discovery_base_fixed.TestNetworkInterface" name="test_network_interface_creation" time="0.001" /><testcase classname="tests.unit.test_discovery_base_fixed.TestNetworkInterface" name="test_network_interface_minimal" time="0.001" /><testcase classname="tests.unit.test_discovery_base_fixed.TestNetworkInterface" name="test_network_interface_serialization" time="0.001" /><testcase classname="tests.unit.test_discovery_base_fixed.TestIPMIInfo" name="test_ipmi_info_creation" time="0.001" /><testcase classname="tests.unit.test_discovery_base_fixed.TestIPMIInfo" name="test_ipmi_info_defaults" time="0.001" /><testcase classname="tests.unit.test_discovery_base_fixed.TestIPMIInfo" name="test_ipmi_info_serialization" time="0.001" /><testcase classname="tests.unit.test_discovery_base_fixed.TestSystemInfo" name="test_system_info_creation" time="0.001" /><testcase classname="tests.unit.test_discovery_base_fixed.TestSystemInfo" name="test_system_info_defaults" time="0.001" /><testcase classname="tests.unit.test_discovery_base_fixed.TestSystemInfo" name="test_system_info_serialization" time="0.001" /><testcase classname="tests.unit.test_discovery_base_fixed.TestHardwareDiscovery" name="test_hardware_discovery_creation" time="0.001" /><testcase classname="tests.unit.test_discovery_base_fixed.TestHardwareDiscovery" name="test_hardware_discovery_to_dict" time="0.001" /><testcase classname="tests.unit.test_discovery_base_fixed.TestHardwareDiscovery" name="test_hardware_discovery_complex_structure" time="0.001" /><testcase classname="tests.unit.test_discovery_base_fixed.TestBaseVendorDiscovery" name="test_base_vendor_discovery_initialization" time="0.001" /><testcase classname="tests.unit.test_discovery_base_fixed.TestBaseVendorDiscovery" name="test_base_vendor_discovery_default_priority" time="0.001" /><testcase classname="tests.unit.test_discovery_base_fixed.TestBaseVendorDiscovery" name="test_base_vendor_discovery_abstract_methods" time="0.001" /><testcase classname="tests.unit.test_discovery_base_fixed.TestBaseVendorDiscovery" name="test_concrete_vendor_discovery_implementation" time="0.001" /><testcase classname="tests.unit.test_discovery_base_fixed.TestBaseParser" name="test_base_parser_initialization" time="0.001" /><testcase classname="tests.unit.test_discovery_base_fixed.TestBaseParser" name="test_base_parser_abstract_method" time="0.001" /><testcase classname="tests.unit.test_discovery_base_fixed.TestBaseParser" name="test_concrete_parser_implementation" time="0.001" /><testcase classname="tests.unit.test_discovery_base_fixed.TestBaseParser" name="test_safe_parse_success" time="0.001" /><testcase classname="tests.unit.test_discovery_base_fixed.TestBaseParser" name="test_safe_parse_error_handling" time="0.001" /><testcase classname="tests.unit.test_discovery_base_fixed.TestBaseParser" name="test_safe_parse_logs_warning" time="0.001" /><testcase classname="tests.unit.test_env_config.TestConfig" name="test_init_without_env_file" time="0.001" /><testcase classname="tests.unit.test_env_config.TestConfig" name="test_get_env_defaults" time="0.001"><failure message="AssertionError: assert 5 == 30&#10; +  where 5 = get('maas.timeout')&#10; +    where get = &lt;hwautomation.utils.env_config.Config object at 0x703d91d6a2d0&gt;.get">tests/unit/test_env_config.py:30: in test_get_env_defaults
    assert config.get("maas.timeout") == 30
E   AssertionError: assert 5 == 30
E    +  where 5 = get('maas.timeout')
E    +    where get = &lt;hwautomation.utils.env_config.Config object at 0x703d91d6a2d0&gt;.get
        config     = &lt;hwautomation.utils.env_config.Config object at 0x703d91d6a2d0&gt;
        self       = &lt;unit.test_env_config.TestConfig object at 0x703d91d75210&gt;</failure></testcase><testcase classname="tests.unit.test_env_config.TestConfig" name="test_get_env_with_custom_values" time="0.001" /><testcase classname="tests.unit.test_env_config.TestConfig" name="test_boolean_conversion" time="0.005" /><testcase classname="tests.unit.test_env_config.TestConfig" name="test_numeric_conversion" time="0.001" /><testcase classname="tests.unit.test_env_config.TestConfig" name="test_invalid_numeric_conversion" time="0.002" /><testcase classname="tests.unit.test_env_config.TestConfig" name="test_get_section" time="0.001" /><testcase classname="tests.unit.test_env_config.TestConfig" name="test_get_nonexistent_key" time="0.001" /><testcase classname="tests.unit.test_env_config.TestConfig" name="test_dictionary_access" time="0.001" /><testcase classname="tests.unit.test_env_config.TestConfigWithEnvFile" name="test_load_env_file" time="0.007" /><testcase classname="tests.unit.test_env_config.TestConfigWithEnvFile" name="test_load_nonexistent_env_file" time="0.001" /><testcase classname="tests.unit.test_env_config.TestLoadConfigFunction" name="test_load_config_returns_dict" time="0.008" /><testcase classname="tests.unit.test_env_config.TestLoadConfigFunction" name="test_load_config_with_env_file" time="0.002" /><testcase classname="tests.unit.test_env_config.TestLoadConfigFunction" name="test_load_config_finds_env_file" time="0.008" /><testcase classname="tests.unit.test_env_config.TestConfigValidation" name="test_invalid_log_level_warning" time="0.002" /><testcase classname="tests.unit.test_env_config.TestConfigValidation" name="test_missing_maas_credentials_warning" time="0.001" /><testcase classname="tests.unit.test_env_config.TestBackwardCompatibility" name="test_load_config_file_deprecated" time="0.001" /><testcase classname="tests.unit.test_env_config.TestBackwardCompatibility" name="test_load_config_from_env_compatibility" time="0.001" /><testcase classname="tests.unit.test_env_config.TestConfigIntegration" name="test_full_configuration_workflow" time="0.003" /><testcase classname="tests.unit.test_env_config.TestConfigIntegration" name="test_environment_variable_precedence" time="0.002" /><testcase classname="tests.unit.test_exceptions.TestHWAutomationError" name="test_base_exception_creation" time="0.001" /><testcase classname="tests.unit.test_exceptions.TestHWAutomationError" name="test_base_exception_empty_message" time="0.001" /><testcase classname="tests.unit.test_exceptions.TestHWAutomationError" name="test_base_exception_inheritance" time="0.001" /><testcase classname="tests.unit.test_exceptions.TestWorkflowError" name="test_workflow_error_creation" time="0.001" /><testcase classname="tests.unit.test_exceptions.TestWorkflowError" name="test_workflow_error_with_step" time="0.001" /><testcase classname="tests.unit.test_exceptions.TestCommissioningError" name="test_commissioning_error_creation" time="0.001" /><testcase classname="tests.unit.test_exceptions.TestCommissioningError" name="test_commissioning_error_details" time="0.001" /><testcase classname="tests.unit.test_exceptions.TestBiosConfigurationError" name="test_bios_configuration_error_creation" time="0.001" /><testcase classname="tests.unit.test_exceptions.TestBiosConfigurationError" name="test_bios_configuration_error_setting_specific" time="0.001" /><testcase classname="tests.unit.test_exceptions.TestIPMIConfigurationError" name="test_ipmi_error_creation" time="0.001" /><testcase classname="tests.unit.test_exceptions.TestIPMIConfigurationError" name="test_ipmi_error_device_specific" time="0.001" /><testcase classname="tests.unit.test_exceptions.TestSSHConnectionError" name="test_ssh_error_creation" time="0.001" /><testcase classname="tests.unit.test_exceptions.TestSSHConnectionError" name="test_ssh_error_with_details" time="0.001" /><testcase classname="tests.unit.test_exceptions.TestConfigurationValidationError" name="test_validation_error_creation" time="0.001" /><testcase classname="tests.unit.test_exceptions.TestConfigurationValidationError" name="test_validation_error_field_specific" time="0.001" /><testcase classname="tests.unit.test_exceptions.TestFirmwareError" name="test_firmware_error_creation" time="0.001" /><testcase classname="tests.unit.test_exceptions.TestFirmwareError" name="test_firmware_update_exception" time="0.001" /><testcase classname="tests.unit.test_exceptions.TestFirmwareError" name="test_firmware_download_error" time="0.001" /><testcase classname="tests.unit.test_exceptions.TestFirmwareError" name="test_firmware_verification_error" time="0.001" /><testcase classname="tests.unit.test_exceptions.TestExceptionInheritance" name="test_all_exceptions_inherit_from_base" time="0.001" /><testcase classname="tests.unit.test_exceptions.TestExceptionInheritance" name="test_workflow_specific_exceptions" time="0.001" /><testcase classname="tests.unit.test_exceptions.TestExceptionInheritance" name="test_firmware_specific_exceptions" time="0.001" /><testcase classname="tests.unit.test_exceptions.TestExceptionUsage" name="test_exception_raising_and_catching" time="0.001" /><testcase classname="tests.unit.test_exceptions.TestExceptionUsage" name="test_exception_chaining" time="0.001" /><testcase classname="tests.unit.test_exceptions.TestExceptionUsage" name="test_catching_base_exception" time="0.001" /><testcase classname="tests.unit.test_exceptions.TestExceptionUsage" name="test_exception_with_none_message" time="0.001" /><testcase classname="tests.unit.test_firmware_focused.TestFirmwareManager" name="test_firmware_manager_initialization" time="0.002" /><testcase classname="tests.unit.test_firmware_focused.TestFirmwareManager" name="test_get_default_config_path" time="0.002" /><testcase classname="tests.unit.test_firmware_focused.TestFirmwareManager" name="test_set_update_policy_attribute" time="0.002" /><testcase classname="tests.unit.test_firmware_focused.TestFirmwareManager" name="test_firmware_manager_attributes" time="0.002" /><testcase classname="tests.unit.test_firmware_focused.TestFirmwareManager" name="test_get_vendor_info_method_exists" time="0.002" /><testcase classname="tests.unit.test_firmware_focused.TestFirmwareManager" name="test_firmware_manager_error_handling" time="0.002" /><testcase classname="tests.unit.test_firmware_focused.TestFirmwareInfo" name="test_firmware_info_creation" time="0.001" /><testcase classname="tests.unit.test_firmware_focused.TestFirmwareInfo" name="test_firmware_info_serialization" time="0.001" /><testcase classname="tests.unit.test_firmware_focused.TestFirmwareInfo" name="test_firmware_info_with_optional_fields" time="0.001" /><testcase classname="tests.unit.test_firmware_focused.TestFirmwareUpdateResult" name="test_update_result_success" time="0.001" /><testcase classname="tests.unit.test_firmware_focused.TestFirmwareUpdateResult" name="test_update_result_failure" time="0.001" /><testcase classname="tests.unit.test_firmware_focused.TestFirmwareUpdateResult" name="test_update_result_serialization" time="0.001" /><testcase classname="tests.unit.test_firmware_focused.TestFirmwareTypes" name="test_firmware_type_values" time="0.001" /><testcase classname="tests.unit.test_firmware_focused.TestFirmwareTypes" name="test_priority_values" time="0.001" /><testcase classname="tests.unit.test_firmware_focused.TestFirmwareTypes" name="test_update_policy_values" time="0.001" /><testcase classname="tests.unit.test_firmware_focused.TestBaseFirmwareHandler" name="test_base_handler_initialization" time="0.001" /><testcase classname="tests.unit.test_firmware_focused.TestFirmwareIntegration" name="test_end_to_end_firmware_workflow" time="0.002" /><testcase classname="tests.unit.test_firmware_focused.TestBackwardCompatibility" name="test_firmware_imports_compatibility" time="0.001" /><testcase classname="tests.unit.test_firmware_focused.TestBackwardCompatibility" name="test_firmware_manager_api_compatibility" time="0.002" /><testcase classname="tests.unit.test_ipmi_focused.TestIpmiManager" name="test_ipmi_manager_initialization" time="0.001" /><testcase classname="tests.unit.test_ipmi_focused.TestIpmiManager" name="test_ipmi_manager_with_credentials" time="0.001" /><testcase classname="tests.unit.test_ipmi_focused.TestIpmiManager" name="test_configure_ipmi_method_exists" time="0.001" /><testcase classname="tests.unit.test_ipmi_focused.TestIpmiManager" name="test_get_power_status_method_exists" time="0.001" /><testcase classname="tests.unit.test_ipmi_focused.TestIpmiManager" name="test_sensor_methods_exist" time="0.001" /><testcase classname="tests.unit.test_ipmi_focused.TestIpmiManager" name="test_ipmi_manager_vendor_detection" time="0.001" /><testcase classname="tests.unit.test_ipmi_focused.TestIpmiManager" name="test_ipmi_manager_error_handling" time="0.001" /><testcase classname="tests.unit.test_ipmi_focused.TestIPMICredentials" name="test_ipmi_credentials_creation" time="0.001" /><testcase classname="tests.unit.test_ipmi_focused.TestIPMICredentials" name="test_ipmi_credentials_with_port" time="0.001" /><testcase classname="tests.unit.test_ipmi_focused.TestIPMICredentials" name="test_ipmi_credentials_defaults" time="0.001" /><testcase classname="tests.unit.test_ipmi_focused.TestIPMIConfigResult" name="test_config_result_success" time="0.001" /><testcase classname="tests.unit.test_ipmi_focused.TestIPMIConfigResult" name="test_config_result_failure" time="0.001" /><testcase classname="tests.unit.test_ipmi_focused.TestIPMIConfigResult" name="test_config_result_defaults" time="0.001" /><testcase classname="tests.unit.test_ipmi_focused.TestPowerStatus" name="test_power_status_creation" time="0.001" /><testcase classname="tests.unit.test_ipmi_focused.TestPowerStatus" name="test_power_status_minimal" time="0.001" /><testcase classname="tests.unit.test_ipmi_focused.TestSensorReading" name="test_sensor_reading_creation" time="0.001" /><testcase classname="tests.unit.test_ipmi_focused.TestSensorReading" name="test_sensor_reading_minimal" time="0.001" /><testcase classname="tests.unit.test_ipmi_focused.TestIPMISystemInfo" name="test_system_info_creation" time="0.001" /><testcase classname="tests.unit.test_ipmi_focused.TestIPMISystemInfo" name="test_system_info_defaults" time="0.001" /><testcase classname="tests.unit.test_ipmi_focused.TestIPMIEnums" name="test_ipmi_vendor_values" time="0.001" /><testcase classname="tests.unit.test_ipmi_focused.TestIPMIEnums" name="test_power_state_values" time="0.001" /><testcase classname="tests.unit.test_ipmi_focused.TestIPMIEnums" name="test_ipmi_command_values" time="0.001" /><testcase classname="tests.unit.test_ipmi_focused.TestBaseIPMIHandler" name="test_base_handler_initialization" time="0.001" /><testcase classname="tests.unit.test_ipmi_focused.TestIPMIIntegration" name="test_end_to_end_ipmi_workflow" time="0.001" /><testcase classname="tests.unit.test_ipmi_focused.TestIPMIIntegration" name="test_ipmi_manager_vendor_tools_loading" time="0.001" /><testcase classname="tests.unit.test_ipmi_focused.TestBackwardCompatibility" name="test_ipmi_imports_compatibility" time="0.001" /><testcase classname="tests.unit.test_ipmi_focused.TestBackwardCompatibility" name="test_ipmi_manager_api_compatibility" time="0.001" /><testcase classname="tests.unit.test_ipmi_focused.TestBackwardCompatibility" name="test_ipmi_credentials_api_compatibility" time="0.001" /><testcase classname="tests.unit.test_logging_config.TestGetLogger" name="test_get_logger_with_name" time="0.001" /><testcase classname="tests.unit.test_logging_config.TestGetLogger" name="test_get_logger_different_names" time="0.001" /><testcase classname="tests.unit.test_logging_config.TestGetLogger" name="test_get_logger_same_name" time="0.001" /><testcase classname="tests.unit.test_logging_config.TestCorrelationTracking" name="test_set_and_get_correlation_id" time="0.001" /><testcase classname="tests.unit.test_logging_config.TestCorrelationTracking" name="test_get_correlation_id_none" time="0.001" /><testcase classname="tests.unit.test_logging_config.TestCorrelationTracking" name="test_correlation_id_isolation" time="0.001" /><testcase classname="tests.unit.test_logging_config.TestCorrelationTracking" name="test_with_correlation_decorator" time="0.001" /><testcase classname="tests.unit.test_logging_config.TestSetupLogging" name="test_setup_logging_basic" time="0.002" /><testcase classname="tests.unit.test_logging_config.TestSetupLogging" name="test_setup_logging_with_level" time="0.002" /><testcase classname="tests.unit.test_logging_config.TestSetupLogging" name="test_setup_logging_integration" time="0.005" /><testcase classname="tests.unit.test_logging_config.TestLoggingIntegration" name="test_logger_creation_and_usage" time="0.001" /><testcase classname="tests.unit.test_logging_config.TestLoggingIntegration" name="test_logger_hierarchy" time="0.001" /><testcase classname="tests.unit.test_logging_config.TestLoggingIntegration" name="test_multiple_logger_instances" time="0.001" /><testcase classname="tests.unit.test_logging_config.TestLoggingIntegration" name="test_logging_with_correlation" time="0.001" /><testcase classname="tests.unit.test_logging_config.TestLoggingErrorHandling" name="test_invalid_logger_names" time="0.001" /><testcase classname="tests.unit.test_logging_config.TestLoggingErrorHandling" name="test_correlation_id_edge_cases" time="0.001" /><testcase classname="tests.unit.test_logging_config.TestLoggingErrorHandling" name="test_setup_logging_error_recovery" time="0.001" /><testcase classname="tests.unit.test_maas_integration.TestMaasClient" name="test_maas_client_initialization" time="0.001" /><testcase classname="tests.unit.test_maas_integration.TestMaasClient" name="test_maas_client_missing_credentials" time="0.001" /><testcase classname="tests.unit.test_maas_integration.TestMaasClient" name="test_maas_client_invalid_url" time="0.001" /><testcase classname="tests.unit.test_maas_integration.TestMaasClient" name="test_get_machines_success" time="0.002" /><testcase classname="tests.unit.test_maas_integration.TestMaasClient" name="test_get_machines_http_error" time="0.002" /><testcase classname="tests.unit.test_maas_integration.TestMaasClient" name="test_get_machines_authentication_error" time="0.002" /><testcase classname="tests.unit.test_maas_integration.TestMaasClient" name="test_commission_machine_success" time="0.002" /><testcase classname="tests.unit.test_maas_integration.TestMaasClient" name="test_deploy_machine_success" time="0.002" /><testcase classname="tests.unit.test_maas_integration.TestMaasClient" name="test_get_machine_details_success" time="0.002" /><testcase classname="tests.unit.test_maas_integration.TestMaasClient" name="test_release_machine_success" time="0.002" /><testcase classname="tests.unit.test_maas_integration.TestMaasClient" name="test_build_auth_header" time="0.001" /><testcase classname="tests.unit.test_maas_integration.TestMaasClient" name="test_connection_timeout" time="0.002" /><testcase classname="tests.unit.test_maas_integration.TestMaasClient" name="test_connection_error" time="0.002" /><testcase classname="tests.unit.test_maas_integration.TestMaasExceptions" name="test_maas_connection_error" time="0.001" /><testcase classname="tests.unit.test_maas_integration.TestMaasExceptions" name="test_maas_authentication_error" time="0.001" /><testcase classname="tests.unit.test_maas_integration.TestMaasExceptions" name="test_exception_inheritance" time="0.001" /><testcase classname="tests.unit.test_maas_integration.TestMaasIntegration" name="test_client_workflow_simulation" time="0.001" /><testcase classname="tests.unit.test_maas_integration.TestMaasIntegration" name="test_url_construction" time="0.001" /><testcase classname="tests.unit.test_maas_integration.TestMaasIntegration" name="test_error_handling_patterns" time="0.001" /><testcase classname="tests.unit.test_maas_operations_focused.TestMaasClientInitialization" name="test_init_basic" time="0.001" /><testcase classname="tests.unit.test_maas_operations_focused.TestMaasClientInitialization" name="test_init_oauth_session_setup" time="0.001" /><testcase classname="tests.unit.test_maas_operations_focused.TestMaasClientInitialization" name="test_init_trailing_slash_removal" time="0.001" /><testcase classname="tests.unit.test_maas_operations_focused.TestMaasClientMachineOperations" name="test_abort_machine_operation_failure" time="0.002" /><testcase classname="tests.unit.test_maas_operations_focused.TestMaasClientMachineOperations" name="test_abort_machine_operation_success" time="0.002" /><testcase classname="tests.unit.test_maas_operations_focused.TestMaasClientMachineOperations" name="test_commission_machine_failure" time="0.002" /><testcase classname="tests.unit.test_maas_operations_focused.TestMaasClientMachineOperations" name="test_commission_machine_success" time="0.002" /><testcase classname="tests.unit.test_maas_operations_focused.TestMaasClientMachineOperations" name="test_commission_machine_without_ssh" time="0.001" /><testcase classname="tests.unit.test_maas_operations_focused.TestMaasClientMachineOperations" name="test_deploy_machine_success" time="0.002" /><testcase classname="tests.unit.test_maas_operations_focused.TestMaasClientMachineOperations" name="test_deploy_machine_with_os" time="0.001" /><testcase classname="tests.unit.test_maas_operations_focused.TestMaasClientMachineOperations" name="test_extract_owner_name_dict" time="0.001" /><testcase classname="tests.unit.test_maas_operations_focused.TestMaasClientMachineOperations" name="test_extract_owner_name_dict_no_username" time="0.001" /><testcase classname="tests.unit.test_maas_operations_focused.TestMaasClientMachineOperations" name="test_extract_owner_name_none" time="0.001" /><testcase classname="tests.unit.test_maas_operations_focused.TestMaasClientMachineOperations" name="test_extract_owner_name_string" time="0.001" /><testcase classname="tests.unit.test_maas_operations_focused.TestMaasClientMachineOperations" name="test_force_commission_machine_deployed_state" time="0.003" /><testcase classname="tests.unit.test_maas_operations_focused.TestMaasClientMachineOperations" name="test_force_commission_machine_not_found" time="0.001" /><testcase classname="tests.unit.test_maas_operations_focused.TestMaasClientMachineOperations" name="test_get_machine_failure" time="0.002" /><testcase classname="tests.unit.test_maas_operations_focused.TestMaasClientMachineOperations" name="test_get_machine_success" time="0.001" /><testcase classname="tests.unit.test_maas_operations_focused.TestMaasClientMachineOperations" name="test_get_machines_failure" time="0.002" /><testcase classname="tests.unit.test_maas_operations_focused.TestMaasClientMachineOperations" name="test_get_machines_success" time="0.001" /><testcase classname="tests.unit.test_maas_operations_focused.TestMaasClientMachineOperations" name="test_release_machine_success" time="0.002" /><testcase classname="tests.unit.test_maas_operations_focused.TestMaasClientStatusOperations" name="test_get_available_machines" time="0.001" /><testcase classname="tests.unit.test_maas_operations_focused.TestMaasClientStatusOperations" name="test_get_deployed_machines" time="0.001" /><testcase classname="tests.unit.test_maas_operations_focused.TestMaasClientStatusOperations" name="test_get_machine_ip_no_discovered" time="0.001" /><testcase classname="tests.unit.test_maas_operations_focused.TestMaasClientStatusOperations" name="test_get_machine_ip_no_interface" time="0.001" /><testcase classname="tests.unit.test_maas_operations_focused.TestMaasClientStatusOperations" name="test_get_machine_ip_success" time="0.001" /><testcase classname="tests.unit.test_maas_operations_focused.TestMaasClientStatusOperations" name="test_get_machine_status_not_found" time="0.001" /><testcase classname="tests.unit.test_maas_operations_focused.TestMaasClientStatusOperations" name="test_get_machine_status_success" time="0.002" /><testcase classname="tests.unit.test_maas_operations_focused.TestMaasClientStatusOperations" name="test_get_machines_by_status" time="0.001" /><testcase classname="tests.unit.test_maas_operations_focused.TestMaasClientStatusOperations" name="test_get_ready_machines" time="0.001" /><testcase classname="tests.unit.test_maas_operations_focused.TestMaasClientNetworkOperations" name="test_extract_ip_addresses_discovered" time="0.001" /><testcase classname="tests.unit.test_maas_operations_focused.TestMaasClientNetworkOperations" name="test_extract_ip_addresses_duplicates" time="0.001" /><testcase classname="tests.unit.test_maas_operations_focused.TestMaasClientNetworkOperations" name="test_extract_ip_addresses_links" time="0.001" /><testcase classname="tests.unit.test_maas_operations_focused.TestMaasClientNetworkOperations" name="test_extract_ip_addresses_mixed" time="0.001" /><testcase classname="tests.unit.test_maas_operations_focused.TestMaasClientNetworkOperations" name="test_extract_ip_addresses_no_interfaces" time="0.001" /><testcase classname="tests.unit.test_maas_operations_focused.TestMaasClientNetworkOperations" name="test_extract_ip_addresses_none_values" time="0.001" /><testcase classname="tests.unit.test_maas_operations_focused.TestMaasClientSummaryOperations" name="test_get_machine_details_not_found" time="0.001" /><testcase classname="tests.unit.test_maas_operations_focused.TestMaasClientSummaryOperations" name="test_get_machine_details_success" time="0.001" /><testcase classname="tests.unit.test_maas_operations_focused.TestMaasClientSummaryOperations" name="test_get_machines_summary" time="0.001" /><testcase classname="tests.unit.test_maas_operations_focused.TestMaasClientErrorHandling" name="test_deploy_machine_failure" time="0.002" /><testcase classname="tests.unit.test_maas_operations_focused.TestMaasClientErrorHandling" name="test_force_commission_release_failure" time="0.002" /><testcase classname="tests.unit.test_maas_operations_focused.TestMaasClientErrorHandling" name="test_release_machine_failure" time="0.001" /><testcase classname="tests.unit.test_orchestration_steps_focused.TestOrchestrationStepsBase" name="test_bios_steps_importable" time="0.001" /><testcase classname="tests.unit.test_orchestration_steps_focused.TestOrchestrationStepsBase" name="test_commissioning_steps_importable" time="0.001" /><testcase classname="tests.unit.test_orchestration_steps_focused.TestOrchestrationStepsBase" name="test_cleanup_steps_importable" time="0.001" /><testcase classname="tests.unit.test_orchestration_steps_focused.TestOrchestrationStepsBase" name="test_hardware_discovery_steps_importable" time="0.001" /><testcase classname="tests.unit.test_orchestration_steps_focused.TestOrchestrationStepsBase" name="test_ipmi_config_steps_importable" time="0.001" /><testcase classname="tests.unit.test_orchestration_steps_focused.TestOrchestrationStepsBase" name="test_network_config_steps_importable" time="0.001" /><testcase classname="tests.unit.test_orchestration_steps_focused.TestBiosConfigSteps" name="test_pull_bios_step_prerequisites" time="0.001" /><testcase classname="tests.unit.test_orchestration_steps_focused.TestBiosConfigSteps" name="test_bios_step_manager_initialization" time="0.001" /><testcase classname="tests.unit.test_orchestration_steps_focused.TestCommissioningSteps" name="test_select_machine_prerequisites_dev_mode" time="0.002" /><testcase classname="tests.unit.test_orchestration_steps_focused.TestCommissioningSteps" name="test_select_machine_prerequisites_mock_mode" time="0.002" /><testcase classname="tests.unit.test_orchestration_steps_focused.TestCommissioningSteps" name="test_commissioning_step_initialization" time="0.001" /><testcase classname="tests.unit.test_orchestration_steps_focused.TestCleanupSteps" name="test_cleanup_temp_files_step_execution" time="0.002" /><testcase classname="tests.unit.test_orchestration_steps_focused.TestCleanupSteps" name="test_cleanup_temp_files_with_files" time="0.002" /><testcase classname="tests.unit.test_orchestration_steps_focused.TestCleanupSteps" name="test_cleanup_step_initialization" time="0.001" /><testcase classname="tests.unit.test_orchestration_steps_focused.TestStepPatterns" name="test_step_base_class_usage" time="0.001" /><testcase classname="tests.unit.test_orchestration_steps_focused.TestStepPatterns" name="test_step_logging_patterns" time="0.001" /><testcase classname="tests.unit.test_orchestration_steps_focused.TestStepIntegration" name="test_step_context_usage" time="0.001" /><testcase classname="tests.unit.test_orchestration_steps_focused.TestStepIntegration" name="test_step_execution_result_patterns" time="0.001" /><testcase classname="tests.unit.test_orchestration_steps_focused.TestStepModuleStructure" name="test_bios_config_module_structure" time="0.001" /><testcase classname="tests.unit.test_orchestration_steps_focused.TestStepModuleStructure" name="test_commissioning_module_structure" time="0.001" /><testcase classname="tests.unit.test_orchestration_steps_focused.TestStepModuleStructure" name="test_cleanup_module_structure" time="0.001" /><testcase classname="tests.unit.test_orchestration_steps_focused.TestStepErrorHandling" name="test_bios_step_error_handling" time="0.001" /><testcase classname="tests.unit.test_orchestration_steps_focused.TestStepErrorHandling" name="test_cleanup_step_error_handling" time="0.001" /><testcase classname="tests.unit.test_orchestration_steps_focused.TestBackwardCompatibility" name="test_step_interface_compatibility" time="0.001" /><testcase classname="tests.unit.test_orchestration_steps_focused.TestBackwardCompatibility" name="test_optional_step_modules" time="0.001" /><testcase classname="tests.unit.test_package_structure" name="test_cli_module_exists" time="0.002" /><testcase classname="tests.unit.test_package_structure" name="test_hwautomation_package_structure" time="0.001" /><testcase classname="tests.unit.test_package_structure" name="test_main_package_imports" time="0.001" /><testcase classname="tests.unit.test_package_structure" name="test_hardware_subpackages" time="0.001" /><testcase classname="tests.unit.test_package_structure" name="test_database_imports" time="0.001" /><testcase classname="tests.unit.test_package_structure" name="test_logging_imports" time="0.001" /><testcase classname="tests.unit.test_package_structure" name="test_utils_imports" time="0.001" /><testcase classname="tests.unit.test_package_structure" name="test_exceptions_hierarchy" time="0.001" /><testcase classname="tests.unit.test_package_structure" name="test_basic_module_constants" time="0.001" /><testcase classname="tests.unit.test_package_structure" name="test_discovery_base_classes" time="0.001" /><testcase classname="tests.unit.test_package_structure" name="test_config_functionality" time="0.001" /><testcase classname="tests.unit.test_package_structure" name="test_env_config_basic_usage" time="0.001" /><testcase classname="tests.unit.test_package_structure" name="test_package_version_info" time="0.001" /><testcase classname="tests.unit.test_package_structure" name="test_hardware_package_structure" time="0.001" /><testcase classname="tests.unit.test_package_structure" name="test_database_helper_basic_functionality" time="0.001" /><testcase classname="tests.unit.test_package_structure" name="test_logging_system_basic" time="0.001" /><testcase classname="tests.unit.test_provisioning_refactoring.TestProvisioningRefactoring" name="test_provisioning_config_creation" time="0.001" /><testcase classname="tests.unit.test_provisioning_refactoring.TestProvisioningRefactoring" name="test_provisioning_config_with_optional_params" time="0.001" /><testcase classname="tests.unit.test_provisioning_refactoring.TestProvisioningRefactoring" name="test_provisioning_stages_enum" time="0.001" /><testcase classname="tests.unit.test_provisioning_refactoring.TestProvisioningRefactoring" name="test_coordinator_creation" time="0.002" /><testcase classname="tests.unit.test_provisioning_refactoring.TestProvisioningRefactoring" name="test_workflow_creation_via_factory" time="0.004" /><testcase classname="tests.unit.test_provisioning_refactoring.TestProvisioningRefactoring" name="test_stage_handlers_exist" time="0.001" /><testcase classname="tests.unit.test_provisioning_refactoring.TestProvisioningRefactoring" name="test_backward_compatibility_import" time="0.001" /><testcase classname="tests.unit.test_provisioning_refactoring.TestProvisioningRefactoring" name="test_stage_timeout_configuration" time="0.001" /><testcase classname="tests.unit.test_provisioning_refactoring.TestProvisioningRefactoring" name="test_stage_retry_configuration" time="0.001" /><testcase classname="tests.unit.test_redfish_focused.TestRedfishCoordinator" name="test_redfish_coordinator_initialization" time="0.001" /><testcase classname="tests.unit.test_redfish_focused.TestBackwardCompatibility" name="test_redfish_manager_import_compatibility" time="0.001" /><testcase classname="tests.unit.test_redfish_manager.TestRedfishManager" name="test_redfish_manager_initialization" time="0.001" /><testcase classname="tests.unit.test_redfish_manager.TestRedfishManager" name="test_redfish_manager_http_mode" time="0.001" /><testcase classname="tests.unit.test_redfish_manager.TestRedfishManager" name="test_service_root_discovery" time="0.003" /><testcase classname="tests.unit.test_redfish_manager.TestRedfishManager" name="test_capability_discovery" time="0.008" /><testcase classname="tests.unit.test_redfish_manager.TestRedfishManager" name="test_system_info_retrieval" time="0.003" /><testcase classname="tests.unit.test_redfish_manager.TestRedfishManager" name="test_bios_settings_retrieval" time="0.004" /><testcase classname="tests.unit.test_redfish_manager.TestRedfishManager" name="test_connection_test_success" time="0.006" /><testcase classname="tests.unit.test_redfish_manager.TestRedfishManager" name="test_connection_test_failure" time="0.003" /><testcase classname="tests.unit.test_redfish_manager.TestBiosConfigManagerRedfish" name="test_redfish_connection_via_bios_manager" time="0.238" /><testcase classname="tests.unit.test_redfish_manager.TestBiosConfigManagerRedfish" name="test_system_info_via_bios_manager" time="0.236" /><testcase classname="tests.unit.test_redfish_manager.TestBiosConfigManagerRedfish" name="test_bios_config_method_determination" time="0.473" /><testcase classname="tests.unit.test_redfish_modular.TestBaseManager" name="test_base_manager_initialization" time="0.001" /><testcase classname="tests.unit.test_redfish_modular.TestPowerManager" name="test_power_manager_initialization" time="0.001" /><testcase classname="tests.unit.test_redfish_modular.TestPowerManager" name="test_get_power_state" time="0.001" /><testcase classname="tests.unit.test_redfish_modular.TestPowerManager" name="test_get_power_state_invalid_response" time="0.001" /><testcase classname="tests.unit.test_redfish_modular.TestPowerManager" name="test_power_on_operation" time="0.002" /><testcase classname="tests.unit.test_redfish_modular.TestPowerManager" name="test_power_off_operation" time="0.002" /><testcase classname="tests.unit.test_redfish_modular.TestPowerManager" name="test_power_cycle_operation" time="0.002" /><testcase classname="tests.unit.test_redfish_modular.TestBiosManager" name="test_bios_manager_initialization" time="0.001" /><testcase classname="tests.unit.test_redfish_modular.TestSystemManager" name="test_system_manager_initialization" time="0.001" /><testcase classname="tests.unit.test_redfish_modular.TestFirmwareManager" name="test_firmware_manager_initialization" time="0.001" /><testcase classname="tests.unit.test_redfish_modular.TestRedfishCoordinator" name="test_coordinator_initialization" time="0.001" /><testcase classname="tests.unit.test_redfish_modular.TestRedfishCoordinator" name="test_coordinator_manager_types" time="0.001" /><testcase classname="tests.unit.test_redfish_modular_fixed.TestBaseManager" name="test_base_manager_initialization" time="0.001" /><testcase classname="tests.unit.test_redfish_modular_fixed.TestPowerManager" name="test_power_manager_initialization" time="0.001" /><testcase classname="tests.unit.test_redfish_modular_fixed.TestPowerManager" name="test_get_power_state" time="0.001" /><testcase classname="tests.unit.test_redfish_modular_fixed.TestPowerManager" name="test_get_power_state_invalid_response" time="0.001" /><testcase classname="tests.unit.test_redfish_modular_fixed.TestPowerManager" name="test_power_on_operation" time="0.002" /><testcase classname="tests.unit.test_redfish_modular_fixed.TestPowerManager" name="test_power_off_operation" time="0.002" /><testcase classname="tests.unit.test_redfish_modular_fixed.TestPowerManager" name="test_power_cycle_operation" time="0.002" /><testcase classname="tests.unit.test_redfish_modular_fixed.TestBiosManager" name="test_bios_manager_initialization" time="0.001" /><testcase classname="tests.unit.test_redfish_modular_fixed.TestSystemManager" name="test_system_manager_initialization" time="0.001" /><testcase classname="tests.unit.test_redfish_modular_fixed.TestFirmwareManager" name="test_firmware_manager_initialization" time="0.001" /><testcase classname="tests.unit.test_redfish_modular_fixed.TestRedfishCoordinator" name="test_coordinator_initialization" time="0.001" /><testcase classname="tests.unit.test_redfish_modular_fixed.TestRedfishCoordinator" name="test_coordinator_manager_types" time="0.001" /><testcase classname="tests.unit.test_redfish_simple.TestBaseRedfishManager" name="test_base_manager_initialization" time="0.001" /><testcase classname="tests.unit.test_redfish_simple.TestRedfishPowerManager" name="test_power_manager_initialization" time="0.001" /><testcase classname="tests.unit.test_redfish_simple.TestRedfishBiosManager" name="test_bios_manager_initialization" time="0.001" /><testcase classname="tests.unit.test_redfish_simple.TestRedfishSystemManager" name="test_system_manager_initialization" time="0.001" /><testcase classname="tests.unit.test_redfish_simple.TestRedfishFirmwareManager" name="test_firmware_manager_initialization" time="0.001" /><testcase classname="tests.unit.test_redfish_simple.TestRedfishCoordinator" name="test_redfish_coordinator_initialization" time="0.001" /><testcase classname="tests.unit.test_redfish_simple.TestRedfishCoordinator" name="test_coordinator_manager_types" time="0.001" /><testcase classname="tests.unit.test_redfish_simple.TestBackwardCompatibility" name="test_redfish_manager_import_compatibility" time="0.001" /><testcase classname="tests.unit.test_web_routes_focused.TestOrchestrationRoutes" name="test_orchestration_routes_importable" time="0.016" /><testcase classname="tests.unit.test_web_routes_focused.TestOrchestrationRoutes" name="test_provision_server_endpoint_structure" time="0.001"><skipped type="pytest.skip" message="provision_server function not available">/app/tests/unit/test_web_routes_focused.py:95: provision_server function not available</skipped></testcase><testcase classname="tests.unit.test_web_routes_focused.TestOrchestrationRoutes" name="test_get_workflows_endpoint_structure" time="0.001"><skipped type="pytest.skip" message="get_workflows function not available">/app/tests/unit/test_web_routes_focused.py:118: get_workflows function not available</skipped></testcase><testcase classname="tests.unit.test_web_routes_focused.TestOrchestrationRoutes" name="test_workflow_status_endpoint_structure" time="0.001"><skipped type="pytest.skip" message="get_workflow_status function not available">/app/tests/unit/test_web_routes_focused.py:148: get_workflow_status function not available</skipped></testcase><testcase classname="tests.unit.test_web_routes_focused.TestDatabaseRoutes" name="test_database_routes_importable" time="0.001" /><testcase classname="tests.unit.test_web_routes_focused.TestDatabaseRoutes" name="test_get_servers_endpoint_structure" time="0.001"><skipped type="pytest.skip" message="get_servers function not available">/app/tests/unit/test_web_routes_focused.py:192: get_servers function not available</skipped></testcase><testcase classname="tests.unit.test_web_routes_focused.TestDatabaseRoutes" name="test_get_server_endpoint_structure" time="0.001"><skipped type="pytest.skip" message="get_server function not available">/app/tests/unit/test_web_routes_focused.py:214: get_server function not available</skipped></testcase><testcase classname="tests.unit.test_web_routes_focused.TestDatabaseRoutes" name="test_update_server_endpoint_structure" time="0.001"><skipped type="pytest.skip" message="update_server function not available">/app/tests/unit/test_web_routes_focused.py:237: update_server function not available</skipped></testcase><testcase classname="tests.unit.test_web_routes_focused.TestCoreRoutes" name="test_core_routes_importable" time="0.001" /><testcase classname="tests.unit.test_web_routes_focused.TestCoreRoutes" name="test_index_endpoint_structure" time="0.001"><skipped type="pytest.skip" message="index function not available">/app/tests/unit/test_web_routes_focused.py:273: index function not available</skipped></testcase><testcase classname="tests.unit.test_web_routes_focused.TestCoreRoutes" name="test_health_check_endpoint_structure" time="0.001" /><testcase classname="tests.unit.test_web_routes_focused.TestMaasRoutes" name="test_maas_routes_importable" time="0.001" /><testcase classname="tests.unit.test_web_routes_focused.TestMaasRoutes" name="test_discover_machines_endpoint_structure" time="0.001"><skipped type="pytest.skip" message="discover_machines function not available">/app/tests/unit/test_web_routes_focused.py:335: discover_machines function not available</skipped></testcase><testcase classname="tests.unit.test_web_routes_focused.TestFirmwareRoutes" name="test_firmware_routes_importable" time="0.001" /><testcase classname="tests.unit.test_web_routes_focused.TestFirmwareRoutes" name="test_firmware_info_endpoint_structure" time="0.001"><skipped type="pytest.skip" message="get_firmware_info function not available">/app/tests/unit/test_web_routes_focused.py:382: get_firmware_info function not available</skipped></testcase><testcase classname="tests.unit.test_web_routes_focused.TestRouteErrorHandling" name="test_error_response_structure" time="0.001" /><testcase classname="tests.unit.test_web_routes_focused.TestRouteErrorHandling" name="test_validation_error_structure" time="0.001" /><testcase classname="tests.unit.test_web_routes_focused.TestRouteIntegration" name="test_orchestration_app_attribute_access" time="0.001" /><testcase classname="tests.unit.test_web_routes_focused.TestRouteIntegration" name="test_database_app_attribute_access" time="0.001" /><testcase classname="tests.unit.test_web_routes_focused.TestRouteIntegration" name="test_maas_integration_functionality" time="0.001" /><testcase classname="tests.unit.test_web_routes_focused.TestRouteIntegration" name="test_firmware_integration_functionality" time="0.001" /><testcase classname="tests.unit.test_web_routes_focused.TestBackwardCompatibility" name="test_route_imports_compatibility" time="0.001" /><testcase classname="tests.unit.test_web_routes_focused.TestBackwardCompatibility" name="test_flask_app_compatibility" time="0.001" /><testcase classname="tests.unit.test_workflow_focused.TestWorkflowManager" name="test_workflow_manager_initialization" time="0.002" /><testcase classname="tests.unit.test_workflow_focused.TestWorkflowManager" name="test_create_workflow" time="0.001" /><testcase classname="tests.unit.test_workflow_focused.TestWorkflowManager" name="test_get_workflow" time="0.002" /><testcase classname="tests.unit.test_workflow_focused.TestWorkflowManager" name="test_list_workflows" time="0.001" /><testcase classname="tests.unit.test_workflow_focused.TestWorkflowFactory" name="test_workflow_factory_initialization" time="0.001" /><testcase classname="tests.unit.test_workflow_focused.TestBackwardCompatibility" name="test_workflow_import_compatibility" time="0.001" /><testcase classname="tests.unit.test_workflow_modular.TestWorkflowCoordinator" name="test_workflow_coordinator_initialization" time="0.000"><skipped type="pytest.skip" message="Modular workflow components not yet implemented">/app/tests/unit/test_workflow_modular.py:55: Modular workflow components not yet implemented</skipped></testcase><testcase classname="tests.unit.test_workflow_modular.TestWorkflowCoordinator" name="test_create_workflow_via_coordinator" time="0.000"><skipped type="pytest.skip" message="Modular workflow components not yet implemented">/app/tests/unit/test_workflow_modular.py:65: Modular workflow components not yet implemented</skipped></testcase><testcase classname="tests.unit.test_workflow_modular.TestWorkflowCoordinator" name="test_execute_workflow_via_coordinator" time="0.000"><skipped type="pytest.skip" message="Modular workflow components not yet implemented">/app/tests/unit/test_workflow_modular.py:81: Modular workflow components not yet implemented</skipped></testcase><testcase classname="tests.unit.test_workflow_modular.TestWorkflowCoordinator" name="test_list_workflows" time="0.000"><skipped type="pytest.skip" message="Modular workflow components not yet implemented">/app/tests/unit/test_workflow_modular.py:103: Modular workflow components not yet implemented</skipped></testcase><testcase classname="tests.unit.test_workflow_modular.TestWorkflowCoordinator" name="test_get_workflow_status_via_coordinator" time="0.000"><skipped type="pytest.skip" message="Modular workflow components not yet implemented">/app/tests/unit/test_workflow_modular.py:124: Modular workflow components not yet implemented</skipped></testcase><testcase classname="tests.unit.test_workflow_modular.TestWorkflowFactory" name="test_workflow_factory_initialization" time="0.000"><skipped type="pytest.skip" message="Modular workflow components not yet implemented">/app/tests/unit/test_workflow_modular.py:147: Modular workflow components not yet implemented</skipped></testcase><testcase classname="tests.unit.test_workflow_modular.TestWorkflowFactory" name="test_create_workflow_basic" time="0.001"><skipped type="pytest.skip" message="Modular workflow components not yet implemented">/app/tests/unit/test_workflow_modular.py:151: Modular workflow components not yet implemented</skipped></testcase><testcase classname="tests.unit.test_workflow_modular.TestWorkflowFactory" name="test_create_workflow_with_context" time="0.000"><skipped type="pytest.skip" message="Modular workflow components not yet implemented">/app/tests/unit/test_workflow_modular.py:172: Modular workflow components not yet implemented</skipped></testcase><testcase classname="tests.unit.test_workflow_modular.TestWorkflowFactory" name="test_create_workflow_unknown_type" time="0.000"><skipped type="pytest.skip" message="Modular workflow components not yet implemented">/app/tests/unit/test_workflow_modular.py:193: Modular workflow components not yet implemented</skipped></testcase><testcase classname="tests.unit.test_workflow_modular.TestWorkflowFactory" name="test_validate_workflow_parameters" time="0.000"><skipped type="pytest.skip" message="Modular workflow components not yet implemented">/app/tests/unit/test_workflow_modular.py:202: Modular workflow components not yet implemented</skipped></testcase><testcase classname="tests.unit.test_workflow_modular.TestWorkflowFactory" name="test_create_workflow_batch" time="0.000"><skipped type="pytest.skip" message="Modular workflow components not yet implemented">/app/tests/unit/test_workflow_modular.py:212: Modular workflow components not yet implemented</skipped></testcase><testcase classname="tests.unit.test_workflow_modular.TestWorkflowExecutor" name="test_workflow_executor_initialization" time="0.000"><skipped type="pytest.skip" message="Modular workflow components not yet implemented">/app/tests/unit/test_workflow_modular.py:242: Modular workflow components not yet implemented</skipped></testcase><testcase classname="tests.unit.test_workflow_modular.TestWorkflowExecutor" name="test_execute_workflow_synchronous" time="0.000"><skipped type="pytest.skip" message="Modular workflow components not yet implemented">/app/tests/unit/test_workflow_modular.py:247: Modular workflow components not yet implemented</skipped></testcase><testcase classname="tests.unit.test_workflow_modular.TestWorkflowExecutor" name="test_execute_workflow_asynchronous" time="0.000"><skipped type="pytest.skip" message="Modular workflow components not yet implemented">/app/tests/unit/test_workflow_modular.py:263: Modular workflow components not yet implemented</skipped></testcase><testcase classname="tests.unit.test_workflow_modular.TestWorkflowExecutor" name="test_execute_workflow_with_timeout" time="0.000"><skipped type="pytest.skip" message="Modular workflow components not yet implemented">/app/tests/unit/test_workflow_modular.py:281: Modular workflow components not yet implemented</skipped></testcase><testcase classname="tests.unit.test_workflow_modular.TestWorkflowExecutor" name="test_execute_workflow_with_retry" time="0.000"><skipped type="pytest.skip" message="Modular workflow components not yet implemented">/app/tests/unit/test_workflow_modular.py:301: Modular workflow components not yet implemented</skipped></testcase><testcase classname="tests.unit.test_workflow_modular.TestWorkflowExecutor" name="test_execute_workflow_permanent_failure" time="0.000"><skipped type="pytest.skip" message="Modular workflow components not yet implemented">/app/tests/unit/test_workflow_modular.py:324: Modular workflow components not yet implemented</skipped></testcase><testcase classname="tests.unit.test_workflow_modular.TestWorkflowExecutor" name="test_cancel_workflow_execution" time="0.000"><skipped type="pytest.skip" message="Modular workflow components not yet implemented">/app/tests/unit/test_workflow_modular.py:335: Modular workflow components not yet implemented</skipped></testcase><testcase classname="tests.unit.test_workflow_modular.TestStatusManager" name="test_status_manager_initialization" time="0.000"><skipped type="pytest.skip" message="Modular workflow components not yet implemented">/app/tests/unit/test_workflow_modular.py:366: Modular workflow components not yet implemented</skipped></testcase><testcase classname="tests.unit.test_workflow_modular.TestStatusManager" name="test_set_and_get_status" time="0.000"><skipped type="pytest.skip" message="Modular workflow components not yet implemented">/app/tests/unit/test_workflow_modular.py:371: Modular workflow components not yet implemented</skipped></testcase><testcase classname="tests.unit.test_workflow_modular.TestStatusManager" name="test_get_status_nonexistent" time="0.000"><skipped type="pytest.skip" message="Modular workflow components not yet implemented">/app/tests/unit/test_workflow_modular.py:380: Modular workflow components not yet implemented</skipped></testcase><testcase classname="tests.unit.test_workflow_modular.TestStatusManager" name="test_update_status_with_progress" time="0.000"><skipped type="pytest.skip" message="Modular workflow components not yet implemented">/app/tests/unit/test_workflow_modular.py:385: Modular workflow components not yet implemented</skipped></testcase><testcase classname="tests.unit.test_workflow_modular.TestStatusManager" name="test_list_workflows_by_status" time="0.000"><skipped type="pytest.skip" message="Modular workflow components not yet implemented">/app/tests/unit/test_workflow_modular.py:403: Modular workflow components not yet implemented</skipped></testcase><testcase classname="tests.unit.test_workflow_modular.TestStatusManager" name="test_cleanup_old_statuses" time="0.000"><skipped type="pytest.skip" message="Modular workflow components not yet implemented">/app/tests/unit/test_workflow_modular.py:419: Modular workflow components not yet implemented</skipped></testcase><testcase classname="tests.unit.test_workflow_modular.TestStatusManager" name="test_status_statistics" time="0.000"><skipped type="pytest.skip" message="Modular workflow components not yet implemented">/app/tests/unit/test_workflow_modular.py:435: Modular workflow components not yet implemented</skipped></testcase><testcase classname="tests.unit.test_workflow_modular.TestContextManager" name="test_context_manager_initialization" time="0.000"><skipped type="pytest.skip" message="Modular workflow components not yet implemented">/app/tests/unit/test_workflow_modular.py:467: Modular workflow components not yet implemented</skipped></testcase><testcase classname="tests.unit.test_workflow_modular.TestContextManager" name="test_create_and_get_context" time="0.000"><skipped type="pytest.skip" message="Modular workflow components not yet implemented">/app/tests/unit/test_workflow_modular.py:472: Modular workflow components not yet implemented</skipped></testcase><testcase classname="tests.unit.test_workflow_modular.TestContextManager" name="test_update_context_data" time="0.000"><skipped type="pytest.skip" message="Modular workflow components not yet implemented">/app/tests/unit/test_workflow_modular.py:487: Modular workflow components not yet implemented</skipped></testcase><testcase classname="tests.unit.test_workflow_modular.TestContextManager" name="test_context_data_isolation" time="0.000"><skipped type="pytest.skip" message="Modular workflow components not yet implemented">/app/tests/unit/test_workflow_modular.py:502: Modular workflow components not yet implemented</skipped></testcase><testcase classname="tests.unit.test_workflow_modular.TestContextManager" name="test_context_cleanup" time="0.000"><skipped type="pytest.skip" message="Modular workflow components not yet implemented">/app/tests/unit/test_workflow_modular.py:516: Modular workflow components not yet implemented</skipped></testcase><testcase classname="tests.unit.test_workflow_modular.TestContextManager" name="test_context_serialization" time="0.000"><skipped type="pytest.skip" message="Modular workflow components not yet implemented">/app/tests/unit/test_workflow_modular.py:533: Modular workflow components not yet implemented</skipped></testcase><testcase classname="tests.unit.test_workflow_modular.TestContextManager" name="test_context_deserialization" time="0.000"><skipped type="pytest.skip" message="Modular workflow components not yet implemented">/app/tests/unit/test_workflow_modular.py:552: Modular workflow components not yet implemented</skipped></testcase><testcase classname="tests.unit.test_workflow_modular.TestRegistryManager" name="test_registry_manager_initialization" time="0.000"><skipped type="pytest.skip" message="Modular workflow components not yet implemented">/app/tests/unit/test_workflow_modular.py:574: Modular workflow components not yet implemented</skipped></testcase><testcase classname="tests.unit.test_workflow_modular.TestRegistryManager" name="test_register_workflow_class" time="0.000"><skipped type="pytest.skip" message="Modular workflow components not yet implemented">/app/tests/unit/test_workflow_modular.py:579: Modular workflow components not yet implemented</skipped></testcase><testcase classname="tests.unit.test_workflow_modular.TestRegistryManager" name="test_register_duplicate_workflow_type" time="0.000"><skipped type="pytest.skip" message="Modular workflow components not yet implemented">/app/tests/unit/test_workflow_modular.py:590: Modular workflow components not yet implemented</skipped></testcase><testcase classname="tests.unit.test_workflow_modular.TestRegistryManager" name="test_register_workflow_with_override" time="0.000"><skipped type="pytest.skip" message="Modular workflow components not yet implemented">/app/tests/unit/test_workflow_modular.py:601: Modular workflow components not yet implemented</skipped></testcase><testcase classname="tests.unit.test_workflow_modular.TestRegistryManager" name="test_get_unregistered_workflow_class" time="0.000"><skipped type="pytest.skip" message="Modular workflow components not yet implemented">/app/tests/unit/test_workflow_modular.py:614: Modular workflow components not yet implemented</skipped></testcase><testcase classname="tests.unit.test_workflow_modular.TestRegistryManager" name="test_list_registered_workflows" time="0.000"><skipped type="pytest.skip" message="Modular workflow components not yet implemented">/app/tests/unit/test_workflow_modular.py:619: Modular workflow components not yet implemented</skipped></testcase><testcase classname="tests.unit.test_workflow_modular.TestRegistryManager" name="test_unregister_workflow_type" time="0.000"><skipped type="pytest.skip" message="Modular workflow components not yet implemented">/app/tests/unit/test_workflow_modular.py:633: Modular workflow components not yet implemented</skipped></testcase><testcase classname="tests.unit.test_workflow_modular.TestRegistryManager" name="test_workflow_class_validation" time="0.000"><skipped type="pytest.skip" message="Modular workflow components not yet implemented">/app/tests/unit/test_workflow_modular.py:648: Modular workflow components not yet implemented</skipped></testcase><testcase classname="tests.unit.test_workflow_modular.TestWorkflowManagerIntegration" name="test_workflow_manager_full_lifecycle" time="0.000"><skipped type="pytest.skip" message="Modular workflow components not yet implemented">/app/tests/unit/test_workflow_modular.py:679: Modular workflow components not yet implemented</skipped></testcase><testcase classname="tests.unit.test_workflow_modular.TestWorkflowManagerIntegration" name="test_workflow_manager_error_handling" time="0.000"><skipped type="pytest.skip" message="Modular workflow components not yet implemented">/app/tests/unit/test_workflow_modular.py:707: Modular workflow components not yet implemented</skipped></testcase><testcase classname="tests.unit.test_workflow_modular.TestWorkflowManagerIntegration" name="test_workflow_manager_concurrent_execution" time="0.000"><skipped type="pytest.skip" message="Modular workflow components not yet implemented">/app/tests/unit/test_workflow_modular.py:719: Modular workflow components not yet implemented</skipped></testcase><testcase classname="tests.unit.test_workflow_modular.TestBackwardCompatibility" name="test_workflow_manager_import_compatibility" time="0.000"><skipped type="pytest.skip" message="Modular workflow components not yet implemented">/app/tests/unit/test_workflow_modular.py:762: Modular workflow components not yet implemented</skipped></testcase><testcase classname="tests.unit.test_workflow_modular.TestBackwardCompatibility" name="test_workflow_manager_api_compatibility" time="0.000"><skipped type="pytest.skip" message="Modular workflow components not yet implemented">/app/tests/unit/test_workflow_modular.py:775: Modular workflow components not yet implemented</skipped></testcase><testcase classname="tests.unit.test_workflow_modular_skipped" name="test_placeholder" time="0.000"><skipped type="pytest.skip" message="Modular workflow components not yet implemented">/app/tests/unit/test_workflow_modular_skipped.py:22: Modular workflow components not yet implemented</skipped></testcase><testcase classname="tests.unit.test_workflow_simple.TestWorkflowManager" name="test_workflow_manager_initialization" time="0.002" /><testcase classname="tests.unit.test_workflow_simple.TestWorkflowManager" name="test_create_workflow_context" time="0.002" /><testcase classname="tests.unit.test_workflow_simple.TestWorkflowFactory" name="test_workflow_factory_initialization" time="0.001" /><testcase classname="tests.unit.test_workflow_simple.TestWorkflowContext" name="test_workflow_context_initialization" time="0.001" /><testcase classname="tests.unit.test_workflow_simple.TestWorkflow" name="test_workflow_initialization" time="0.001" /><testcase classname="tests.unit.test_workflow_simple.TestFirmwareWorkflowHandler" name="test_firmware_handler_initialization" time="0.001" /><testcase classname="tests.unit.test_workflow_simple.TestBackwardCompatibility" name="test_workflow_import_compatibility" time="0.001" /></testsuite></testsuites>
